<?xml version="1.0" encoding="UTF-8"?>
<testng-results skipped="0" failed="0" ignored="0" total="1" passed="1">
  <reporter-output>
  </reporter-output>
  <suite name="Suite" duration-ms="169989" started-at="2019-03-25T14:39:56Z" finished-at="2019-03-25T14:42:46Z">
    <groups>
    </groups>
    <test name="Test" duration-ms="169989" started-at="2019-03-25T14:39:56Z" finished-at="2019-03-25T14:42:46Z">
      <class name="com.servicenow.test.SN_MainTest">
        <test-method status="PASS" signature="beforeMethod(java.lang.String)[pri:0, instance:com.servicenow.test.SN_MainTest@1da2cb77]" name="beforeMethod" is-config="true" duration-ms="9753" started-at="2019-03-25T20:09:56Z" finished-at="2019-03-25T20:10:05Z">
          <params>
            <param index="0">
              <value>
                <![CDATA[chrome]]>
              </value>
            </param>
          </params>
          <reporter-output>
          </reporter-output>
        </test-method> <!-- beforeMethod -->
        <test-method status="PASS" signature="sn_IncidentTest(java.lang.String, java.lang.String)[pri:0, instance:com.servicenow.test.SN_MainTest@1da2cb77]" name="sn_IncidentTest" duration-ms="158946" started-at="2019-03-25T20:10:05Z" finished-at="2019-03-25T20:12:44Z">
          <params>
            <param index="0">
              <value>
                <![CDATA[rohit.khot]]>
              </value>
            </param>
            <param index="1">
              <value>
                <![CDATA[test]]>
              </value>
            </param>
          </params>
          <reporter-output>
          </reporter-output>
        </test-method> <!-- sn_IncidentTest -->
        <test-method status="PASS" signature="afterMethod()[pri:0, instance:com.servicenow.test.SN_MainTest@1da2cb77]" name="afterMethod" is-config="true" duration-ms="1259" started-at="2019-03-25T20:12:44Z" finished-at="2019-03-25T20:12:46Z">
          <reporter-output>
          </reporter-output>
        </test-method> <!-- afterMethod -->
      </class> <!-- com.servicenow.test.SN_MainTest -->
    </test> <!-- Test -->
  </suite> <!-- Suite -->
</testng-results>
